This file contains any messages produced by compilers while
running configure, to aid debugging if configure makes a mistake.

It was created by js9 configure 1.5, which was
generated by GNU Autoconf 2.59.  Invocation command line was

  $ ./configure --with-webdir=web --with-helper=nodejs --with-cfitsio=/usr/

## --------- ##
## Platform. ##
## --------- ##

hostname = rmb-tower
uname -m = x86_64
uname -r = 3.11.4-101.fc18.x86_64
uname -s = Linux
uname -v = #1 SMP Thu Oct 10 14:05:32 UTC 2013

/usr/bin/uname -p = x86_64
/bin/uname -X     = unknown

/bin/arch              = x86_64
/usr/bin/arch -k       = unknown
/usr/convex/getsysinfo = unknown
hostinfo               = unknown
/bin/machine           = unknown
/usr/bin/oslevel       = unknown
/bin/universe          = unknown

PATH: /star/star-kapuahi/java/jre/bin
PATH: /star/star-kapuahi/java/bin
PATH: /star/star-kapuahi/java/jre/bin
PATH: /star/star-kapuahi/java/bin
PATH: /usr/lib64/qt-3.3/bin
PATH: /usr/local/bin
PATH: /usr/bin
PATH: /bin
PATH: /usr/local/sbin
PATH: /usr/sbin
PATH: /star/star-kapuahi/bin/startcl
PATH: /star/star-kapuahi/bin
PATH: /star/star-kapuahi/starjava/bin
PATH: /star/star-kapuahi/bin/startcl
PATH: /star/star-kapuahi/bin
PATH: /star/star-kapuahi/starjava/bin


## ----------- ##
## Core tests. ##
## ----------- ##

configure:1320: checking for web install directory
configure:1332: result: yes (web)
configure:1341: checking for server-side helper type
configure:1354: result: yes (nodejs)
configure:1402: checking build system type
configure:1420: result: x86_64-unknown-linux-gnu
configure:1428: checking host system type
configure:1442: result: x86_64-unknown-linux-gnu
configure:1497: checking for gcc
configure:1513: found /usr/bin/gcc
configure:1523: result: gcc
configure:1767: checking for C compiler version
configure:1770: gcc --version </dev/null >&5
gcc (GCC) 4.7.2 20121109 (Red Hat 4.7.2-8)
Copyright (C) 2012 Free Software Foundation, Inc.
This is free software; see the source for copying conditions.  There is NO
warranty; not even for MERCHANTABILITY or FITNESS FOR A PARTICULAR PURPOSE.

configure:1773: $? = 0
configure:1775: gcc -v </dev/null >&5
Using built-in specs.
COLLECT_GCC=gcc
COLLECT_LTO_WRAPPER=/usr/libexec/gcc/x86_64-redhat-linux/4.7.2/lto-wrapper
Target: x86_64-redhat-linux
Configured with: ../configure --prefix=/usr --mandir=/usr/share/man --infodir=/usr/share/info --with-bugurl=http://bugzilla.redhat.com/bugzilla --enable-bootstrap --enable-shared --enable-threads=posix --enable-checking=release --disable-build-with-cxx --disable-build-poststage1-with-cxx --with-system-zlib --enable-__cxa_atexit --disable-libunwind-exceptions --enable-gnu-unique-object --enable-linker-build-id --with-linker-hash-style=gnu --enable-languages=c,c++,objc,obj-c++,java,fortran,ada,go,lto --enable-plugin --enable-initfini-array --enable-java-awt=gtk --disable-dssi --with-java-home=/usr/lib/jvm/java-1.5.0-gcj-1.5.0.0/jre --enable-libgcj-multifile --enable-java-maintainer-mode --with-ecj-jar=/usr/share/java/eclipse-ecj.jar --disable-libjava-multilib --with-ppl --with-cloog --with-tune=generic --with-arch_32=i686 --build=x86_64-redhat-linux
Thread model: posix
gcc version 4.7.2 20121109 (Red Hat 4.7.2-8) (GCC) 
configure:1778: $? = 0
configure:1780: gcc -V </dev/null >&5
gcc: error: unrecognized command line option '-V'
gcc: fatal error: no input files
compilation terminated.
configure:1783: $? = 4
configure:1806: checking for C compiler default output file name
configure:1809: gcc    conftest.c  >&5
configure:1812: $? = 0
configure:1858: result: a.out
configure:1863: checking whether the C compiler works
configure:1869: ./a.out
configure:1872: $? = 0
configure:1889: result: yes
configure:1896: checking whether we are cross compiling
configure:1898: result: no
configure:1901: checking for suffix of executables
configure:1903: gcc -o conftest    conftest.c  >&5
configure:1906: $? = 0
configure:1931: result: 
configure:1937: checking for suffix of object files
configure:1958: gcc -c   conftest.c >&5
configure:1961: $? = 0
configure:1983: result: o
configure:1987: checking whether we are using the GNU C compiler
configure:2011: gcc -c   conftest.c >&5
configure:2017: $? = 0
configure:2021: test -z 
			 || test ! -s conftest.err
configure:2024: $? = 0
configure:2027: test -s conftest.o
configure:2030: $? = 0
configure:2043: result: yes
configure:2049: checking whether gcc accepts -g
configure:2070: gcc -c -g  conftest.c >&5
configure:2076: $? = 0
configure:2080: test -z 
			 || test ! -s conftest.err
configure:2083: $? = 0
configure:2086: test -s conftest.o
configure:2089: $? = 0
configure:2100: result: yes
configure:2117: checking for gcc option to accept ANSI C
configure:2187: gcc  -c -g -O2  conftest.c >&5
configure:2193: $? = 0
configure:2197: test -z 
			 || test ! -s conftest.err
configure:2200: $? = 0
configure:2203: test -s conftest.o
configure:2206: $? = 0
configure:2224: result: none needed
configure:2242: gcc -c -g -O2  conftest.c >&5
conftest.c:2:3: error: unknown type name 'choke'
conftest.c:2:3: error: expected '=', ',', ';', 'asm' or '__attribute__' at end of input
configure:2248: $? = 1
configure: failed program was:
| #ifndef __cplusplus
|   choke me
| #endif
configure:2381: checking C compiler flags
configure:2388: result: OK
configure:2445: checking for ranlib
configure:2461: found /usr/bin/ranlib
configure:2472: result: ranlib
configure:2491: checking how to run the C preprocessor
configure:2526: gcc -E  conftest.c
configure:2532: $? = 0
configure:2564: gcc -E  conftest.c
conftest.c:9:28: fatal error: ac_nonexistent.h: No such file or directory
compilation terminated.
configure:2570: $? = 1
configure: failed program was:
| /* confdefs.h.  */
| 
| #define PACKAGE_NAME "js9"
| #define PACKAGE_TARNAME "js9"
| #define PACKAGE_VERSION "1.5"
| #define PACKAGE_STRING "js9 1.5"
| #define PACKAGE_BUGREPORT "saord@cfa.harvard.edu"
| /* end confdefs.h.  */
| #include <ac_nonexistent.h>
configure:2609: result: gcc -E
configure:2633: gcc -E  conftest.c
configure:2639: $? = 0
configure:2671: gcc -E  conftest.c
conftest.c:9:28: fatal error: ac_nonexistent.h: No such file or directory
compilation terminated.
configure:2677: $? = 1
configure: failed program was:
| /* confdefs.h.  */
| 
| #define PACKAGE_NAME "js9"
| #define PACKAGE_TARNAME "js9"
| #define PACKAGE_VERSION "1.5"
| #define PACKAGE_STRING "js9 1.5"
| #define PACKAGE_BUGREPORT "saord@cfa.harvard.edu"
| /* end confdefs.h.  */
| #include <ac_nonexistent.h>
configure:2721: checking for egrep
configure:2731: result: grep -E
configure:2736: checking for ANSI C header files
configure:2761: gcc -c -g -O2  conftest.c >&5
configure:2767: $? = 0
configure:2771: test -z 
			 || test ! -s conftest.err
configure:2774: $? = 0
configure:2777: test -s conftest.o
configure:2780: $? = 0
configure:2869: gcc -o conftest -g -O2   conftest.c  >&5
conftest.c: In function 'main':
conftest.c:26:7: warning: incompatible implicit declaration of built-in function 'exit' [enabled by default]
configure:2872: $? = 0
configure:2874: ./conftest
configure:2877: $? = 0
configure:2892: result: yes
configure:2916: checking for sys/types.h
configure:2932: gcc -c -g -O2  conftest.c >&5
configure:2938: $? = 0
configure:2942: test -z 
			 || test ! -s conftest.err
configure:2945: $? = 0
configure:2948: test -s conftest.o
configure:2951: $? = 0
configure:2962: result: yes
configure:2916: checking for sys/stat.h
configure:2932: gcc -c -g -O2  conftest.c >&5
configure:2938: $? = 0
configure:2942: test -z 
			 || test ! -s conftest.err
configure:2945: $? = 0
configure:2948: test -s conftest.o
configure:2951: $? = 0
configure:2962: result: yes
configure:2916: checking for stdlib.h
configure:2932: gcc -c -g -O2  conftest.c >&5
configure:2938: $? = 0
configure:2942: test -z 
			 || test ! -s conftest.err
configure:2945: $? = 0
configure:2948: test -s conftest.o
configure:2951: $? = 0
configure:2962: result: yes
configure:2916: checking for string.h
configure:2932: gcc -c -g -O2  conftest.c >&5
configure:2938: $? = 0
configure:2942: test -z 
			 || test ! -s conftest.err
configure:2945: $? = 0
configure:2948: test -s conftest.o
configure:2951: $? = 0
configure:2962: result: yes
configure:2916: checking for memory.h
configure:2932: gcc -c -g -O2  conftest.c >&5
configure:2938: $? = 0
configure:2942: test -z 
			 || test ! -s conftest.err
configure:2945: $? = 0
configure:2948: test -s conftest.o
configure:2951: $? = 0
configure:2962: result: yes
configure:2916: checking for strings.h
configure:2932: gcc -c -g -O2  conftest.c >&5
configure:2938: $? = 0
configure:2942: test -z 
			 || test ! -s conftest.err
configure:2945: $? = 0
configure:2948: test -s conftest.o
configure:2951: $? = 0
configure:2962: result: yes
configure:2916: checking for inttypes.h
configure:2932: gcc -c -g -O2  conftest.c >&5
configure:2938: $? = 0
configure:2942: test -z 
			 || test ! -s conftest.err
configure:2945: $? = 0
configure:2948: test -s conftest.o
configure:2951: $? = 0
configure:2962: result: yes
configure:2916: checking for stdint.h
configure:2932: gcc -c -g -O2  conftest.c >&5
configure:2938: $? = 0
configure:2942: test -z 
			 || test ! -s conftest.err
configure:2945: $? = 0
configure:2948: test -s conftest.o
configure:2951: $? = 0
configure:2962: result: yes
configure:2916: checking for unistd.h
configure:2932: gcc -c -g -O2  conftest.c >&5
configure:2938: $? = 0
configure:2942: test -z 
			 || test ! -s conftest.err
configure:2945: $? = 0
configure:2948: test -s conftest.o
configure:2951: $? = 0
configure:2962: result: yes
configure:2974: checking for void *
configure:2998: gcc -c -g -O2  conftest.c >&5
configure:3004: $? = 0
configure:3008: test -z 
			 || test ! -s conftest.err
configure:3011: $? = 0
configure:3014: test -s conftest.o
configure:3017: $? = 0
configure:3028: result: yes
configure:3031: checking size of void *
configure:3350: gcc -o conftest -g -O2   conftest.c  >&5
configure:3353: $? = 0
configure:3355: ./conftest
configure:3358: $? = 0
configure:3381: result: 8
configure:3392: checking for ANSI C header files
configure:3548: result: yes
configure:3572: checking malloc.h usability
configure:3584: gcc -c -g -O2  conftest.c >&5
configure:3590: $? = 0
configure:3594: test -z 
			 || test ! -s conftest.err
configure:3597: $? = 0
configure:3600: test -s conftest.o
configure:3603: $? = 0
configure:3613: result: yes
configure:3617: checking malloc.h presence
configure:3627: gcc -E  conftest.c
configure:3633: $? = 0
configure:3653: result: yes
configure:3688: checking for malloc.h
configure:3695: result: yes
configure:3722: checking getopt.h usability
configure:3734: gcc -c -g -O2  conftest.c >&5
configure:3740: $? = 0
configure:3744: test -z 
			 || test ! -s conftest.err
configure:3747: $? = 0
configure:3750: test -s conftest.o
configure:3753: $? = 0
configure:3763: result: yes
configure:3767: checking getopt.h presence
configure:3777: gcc -E  conftest.c
configure:3783: $? = 0
configure:3803: result: yes
configure:3838: checking for getopt.h
configure:3845: result: yes
configure:3872: checking pwd.h usability
configure:3884: gcc -c -g -O2  conftest.c >&5
configure:3890: $? = 0
configure:3894: test -z 
			 || test ! -s conftest.err
configure:3897: $? = 0
configure:3900: test -s conftest.o
configure:3903: $? = 0
configure:3913: result: yes
configure:3917: checking pwd.h presence
configure:3927: gcc -E  conftest.c
configure:3933: $? = 0
configure:3953: result: yes
configure:3988: checking for pwd.h
configure:3995: result: yes
configure:4022: checking dlfcn.h usability
configure:4034: gcc -c -g -O2  conftest.c >&5
configure:4040: $? = 0
configure:4044: test -z 
			 || test ! -s conftest.err
configure:4047: $? = 0
configure:4050: test -s conftest.o
configure:4053: $? = 0
configure:4063: result: yes
configure:4067: checking dlfcn.h presence
configure:4077: gcc -E  conftest.c
configure:4083: $? = 0
configure:4103: result: yes
configure:4138: checking for dlfcn.h
configure:4145: result: yes
configure:4172: checking setjmp.h usability
configure:4184: gcc -c -g -O2  conftest.c >&5
configure:4190: $? = 0
configure:4194: test -z 
			 || test ! -s conftest.err
configure:4197: $? = 0
configure:4200: test -s conftest.o
configure:4203: $? = 0
configure:4213: result: yes
configure:4217: checking setjmp.h presence
configure:4227: gcc -E  conftest.c
configure:4233: $? = 0
configure:4253: result: yes
configure:4288: checking for setjmp.h
configure:4295: result: yes
configure:4322: checking values.h usability
configure:4334: gcc -c -g -O2  conftest.c >&5
configure:4340: $? = 0
configure:4344: test -z 
			 || test ! -s conftest.err
configure:4347: $? = 0
configure:4350: test -s conftest.o
configure:4353: $? = 0
configure:4363: result: yes
configure:4367: checking values.h presence
configure:4377: gcc -E  conftest.c
configure:4383: $? = 0
configure:4403: result: yes
configure:4438: checking for values.h
configure:4445: result: yes
configure:4459: checking for cgi install directory
configure:4483: result: no
configure:4488: checking for cgi url
configure:4503: result: no
configure:4508: checking for extra directories for cgi path
configure:4523: result: no
configure:4529: checking for funtools
configure:4561: result: no
configure:4576: checking for cfitsio
configure:4594: result: yes (/usr/)
configure:4631: checking for png
configure:4672: checking for png_create_write_struct in -lpng
configure:4702: gcc -o conftest -g -O2   conftest.c -lpng   >&5
configure:4708: $? = 0
configure:4712: test -z 
			 || test ! -s conftest.err
configure:4715: $? = 0
configure:4718: test -s conftest
configure:4721: $? = 0
configure:4734: result: yes
configure:4755: checking for connect
configure:4812: gcc -o conftest -g -O2   conftest.c  >&5
configure:4818: $? = 0
configure:4822: test -z 
			 || test ! -s conftest.err
configure:4825: $? = 0
configure:4828: test -s conftest
configure:4831: $? = 0
configure:4843: result: yes
configure:4916: checking for gethostbyname
configure:4973: gcc -o conftest -g -O2   conftest.c  >&5
configure:4979: $? = 0
configure:4983: test -z 
			 || test ! -s conftest.err
configure:4986: $? = 0
configure:4989: test -s conftest
configure:4992: $? = 0
configure:5004: result: yes
configure:5077: checking for dlopen in -ldl
configure:5107: gcc -o conftest -g -O2   conftest.c -ldl   >&5
configure:5113: $? = 0
configure:5117: test -z 
			 || test ! -s conftest.err
configure:5120: $? = 0
configure:5123: test -s conftest
configure:5126: $? = 0
configure:5139: result: yes
configure:5146: checking linux-gnu configuration
configure:5178: result: none
configure:5188: checking for sao top-level install directory
configure:5204: result: no
configure:5311: creating ./config.status

## ---------------------- ##
## Running config.status. ##
## ---------------------- ##

This file was extended by js9 config.status 1.5, which was
generated by GNU Autoconf 2.59.  Invocation command line was

  CONFIG_FILES    = 
  CONFIG_HEADERS  = 
  CONFIG_LINKS    = 
  CONFIG_COMMANDS = 
  $ ./config.status 

on rmb-tower

config.status:667: creating Makefile
config.status:667: creating js9helper.pc
config.status:770: creating conf.h
config.status:888: conf.h is unchanged

## ---------------- ##
## Cache variables. ##
## ---------------- ##

ac_cv_build=x86_64-unknown-linux-gnu
ac_cv_build_alias=x86_64-unknown-linux-gnu
ac_cv_c_compiler_gnu=yes
ac_cv_env_CC_set=
ac_cv_env_CC_value=
ac_cv_env_CFLAGS_set=
ac_cv_env_CFLAGS_value=
ac_cv_env_CPPFLAGS_set=
ac_cv_env_CPPFLAGS_value=
ac_cv_env_CPP_set=
ac_cv_env_CPP_value=
ac_cv_env_LDFLAGS_set=
ac_cv_env_LDFLAGS_value=
ac_cv_env_build_alias_set=
ac_cv_env_build_alias_value=
ac_cv_env_host_alias_set=
ac_cv_env_host_alias_value=
ac_cv_env_target_alias_set=
ac_cv_env_target_alias_value=
ac_cv_exeext=
ac_cv_func_connect=yes
ac_cv_func_gethostbyname=yes
ac_cv_header_dlfcn_h=yes
ac_cv_header_getopt_h=yes
ac_cv_header_inttypes_h=yes
ac_cv_header_malloc_h=yes
ac_cv_header_memory_h=yes
ac_cv_header_pwd_h=yes
ac_cv_header_setjmp_h=yes
ac_cv_header_stdc=yes
ac_cv_header_stdint_h=yes
ac_cv_header_stdlib_h=yes
ac_cv_header_string_h=yes
ac_cv_header_strings_h=yes
ac_cv_header_sys_stat_h=yes
ac_cv_header_sys_types_h=yes
ac_cv_header_unistd_h=yes
ac_cv_header_values_h=yes
ac_cv_host=x86_64-unknown-linux-gnu
ac_cv_host_alias=x86_64-unknown-linux-gnu
ac_cv_lib_dl_dlopen=yes
ac_cv_lib_png_png_create_write_struct=yes
ac_cv_objext=o
ac_cv_prog_CPP='gcc -E'
ac_cv_prog_ac_ct_CC=gcc
ac_cv_prog_ac_ct_RANLIB=ranlib
ac_cv_prog_cc_g=yes
ac_cv_prog_cc_stdc=
ac_cv_prog_egrep='grep -E'
ac_cv_sizeof_void_p=8
ac_cv_type_void_p=yes

## ----------------- ##
## Output variables. ##
## ----------------- ##

CC='gcc'
CFITSIOINC='-I/usr//include -DHAVE_CFITSIO'
CFITSIOLIB='-L /usr//lib64 -lcfitsio'
CFITSIOOBJS='jsfitsio.o'
CFLAGS='-g -O2'
CGIDIR=''
CGIURL=''
CGIXPATH=''
CPP='gcc -E'
CPPFLAGS=''
DEFS='-DHAVE_CONFIG_H'
ECHO_C=''
ECHO_N='-n'
ECHO_T=''
EGREP='grep -E'
EXEEXT=''
EXTRA_LIBS=' -ldl'
FUNINC=''
FUNLIB=''
HELPER='nodejs'
LDFLAGS=''
LIBOBJS=''
LIBS=''
LTLIBOBJS=''
OBJEXT='o'
PACKAGE_BUGREPORT='saord@cfa.harvard.edu'
PACKAGE_NAME='js9'
PACKAGE_STRING='js9 1.5'
PACKAGE_TARNAME='js9'
PACKAGE_VERSION='1.5'
PATH_SEPARATOR=':'
PNGINC=''
PNGLIB='-lpng'
RANLIB='ranlib'
SAODIR=''
SHELL='/bin/sh'
USEHELPER='yes'
WEBDIR='web'
ac_ct_CC='gcc'
ac_ct_RANLIB='ranlib'
bindir='${exec_prefix}/bin'
build='x86_64-unknown-linux-gnu'
build_alias=''
build_cpu='x86_64'
build_os='linux-gnu'
build_vendor='unknown'
datadir='${prefix}/share'
exec_prefix='${prefix}'
host='x86_64-unknown-linux-gnu'
host_alias=''
host_cpu='x86_64'
host_os='linux-gnu'
host_vendor='unknown'
includedir='${prefix}/include'
infodir='${prefix}/info'
libdir='${exec_prefix}/lib'
libexecdir='${exec_prefix}/libexec'
localstatedir='${prefix}/var'
mandir='${prefix}/man'
oldincludedir='/usr/include'
prefix='/usr/local'
program_transform_name='s,x,x,'
sbindir='${exec_prefix}/sbin'
sharedstatedir='${prefix}/com'
sysconfdir='${prefix}/etc'
target_alias=''

## ----------- ##
## confdefs.h. ##
## ----------- ##

#define HAVE_DLFCN_H 1
#define HAVE_GETOPT_H 1
#define HAVE_INTTYPES_H 1
#define HAVE_MALLOC_H 1
#define HAVE_MEMORY_H 1
#define HAVE_PWD_H 1
#define HAVE_SETJMP_H 1
#define HAVE_STDINT_H 1
#define HAVE_STDLIB_H 1
#define HAVE_STRINGS_H 1
#define HAVE_STRING_H 1
#define HAVE_SYS_STAT_H 1
#define HAVE_SYS_TYPES_H 1
#define HAVE_UNISTD_H 1
#define HAVE_VALUES_H 1
#define PACKAGE_BUGREPORT "saord@cfa.harvard.edu"
#define PACKAGE_NAME "js9"
#define PACKAGE_STRING "js9 1.5"
#define PACKAGE_TARNAME "js9"
#define PACKAGE_VERSION "1.5"
#define SIZEOF_VOID_P 8
#define STDC_HEADERS 1
#define STDC_HEADERS 1

configure: exit 0
